<?xml version="1.0" encoding="UTF-8"?>
<!-- Generated by org.testng.reporters.JUnitReportReporter -->
<testsuite skipped="0" hostname="DESKTOP-N60QB27" name="tests.launchTest3" tests="1" failures="0" timestamp="2022-12-24T06:59:29 IST" time="21.554" errors="0">
  <testcase name="launchTest1" time="21.554" classname="tests.launchTest3"/>
</testsuite> <!-- tests.launchTest3 -->
