<?xml version="1.0" encoding="UTF-8"?>
<!-- Generated by org.testng.reporters.JUnitReportReporter -->
<testsuite skipped="0" hostname="DESKTOP-N60QB27" name="tests.launchTest7" tests="1" failures="0" timestamp="2022-12-24T07:11:48 IST" time="17.340" errors="0">
  <testcase name="launchTest1" time="17.340" classname="tests.launchTest7"/>
</testsuite> <!-- tests.launchTest7 -->
