<?xml version="1.0" encoding="UTF-8"?>
<!-- Generated by org.testng.reporters.JUnitReportReporter -->
<testsuite skipped="0" hostname="DESKTOP-N60QB27" name="tests.launchTest4" tests="1" failures="0" timestamp="2022-12-24T07:01:48 IST" time="15.965" errors="0">
  <testcase name="launchTest1" time="15.965" classname="tests.launchTest4"/>
</testsuite> <!-- tests.launchTest4 -->
