<?xml version="1.0" encoding="UTF-8"?>
<!-- Generated by org.testng.reporters.JUnitReportReporter -->
<testsuite skipped="0" hostname="DESKTOP-N60QB27" name="tests.launchTest2" tests="1" failures="0" timestamp="2022-12-24T06:55:02 IST" time="21.409" errors="0">
  <testcase name="launchTest1" time="21.409" classname="tests.launchTest2"/>
</testsuite> <!-- tests.launchTest2 -->
