<?xml version="1.0" encoding="UTF-8"?>
<!-- Generated by org.testng.reporters.JUnitReportReporter -->
<testsuite skipped="0" hostname="DESKTOP-N60QB27" name="tests.launchTest" tests="1" failures="0" timestamp="2022-12-24T06:52:16 IST" time="34.400" errors="0">
  <testcase name="launchTest1" time="34.400" classname="tests.launchTest"/>
</testsuite> <!-- tests.launchTest -->
