<?xml version="1.0" encoding="UTF-8"?>
<!-- Generated by org.testng.reporters.JUnitReportReporter -->
<testsuite skipped="0" hostname="DESKTOP-N60QB27" name="tests.launchTest6" tests="1" failures="0" timestamp="2022-12-24T07:07:54 IST" time="18.596" errors="0">
  <testcase name="launchTest1" time="18.596" classname="tests.launchTest6"/>
</testsuite> <!-- tests.launchTest6 -->
