<?xml version="1.0" encoding="UTF-8"?>
<!-- Generated by org.testng.reporters.JUnitReportReporter -->
<testsuite skipped="0" hostname="DESKTOP-N60QB27" name="tests.launchTest5" tests="1" failures="0" timestamp="2022-12-24T07:05:27 IST" time="25.831" errors="0">
  <testcase name="launchTest1" time="25.831" classname="tests.launchTest5"/>
</testsuite> <!-- tests.launchTest5 -->
